{"/Users/jia/Desktop/HackReactor/fecproject/atelier_fecproject/client/src/components/componentA/CharacterBar.jsx": {"path":"/Users/jia/Desktop/HackReactor/fecproject/atelier_fecproject/client/src/components/componentA/CharacterBar.jsx","statementMap":{"0":{"start":{"line":3,"column":21},"end":{"line":43,"column":1}},"1":{"start":{"line":5,"column":27},"end":{"line":5,"column":54}},"2":{"start":{"line":6,"column":2},"end":{"line":6,"column":31}},"3":{"start":{"line":8,"column":20},"end":{"line":15,"column":3}},"4":{"start":{"line":17,"column":19},"end":{"line":27,"column":3}},"5":{"start":{"line":29,"column":2},"end":{"line":42,"column":3}}},"fnMap":{"0":{"name":"(anonymous_0)","decl":{"start":{"line":3,"column":21},"end":{"line":3,"column":22}},"loc":{"start":{"line":3,"column":47},"end":{"line":43,"column":1}},"line":3}},"branchMap":{},"s":{"0":1,"1":0,"2":0,"3":0,"4":0,"5":0},"f":{"0":0},"b":{},"_coverageSchema":"1a1c01bbd47fc00a2c39e90264f33305004495a9","hash":"8279ab97677675eb72689e0b1ab44953d02ed86d"}
,"/Users/jia/Desktop/HackReactor/fecproject/atelier_fecproject/client/src/components/componentA/Characteristics.jsx": {"path":"/Users/jia/Desktop/HackReactor/fecproject/atelier_fecproject/client/src/components/componentA/Characteristics.jsx","statementMap":{"0":{"start":{"line":3,"column":24},"end":{"line":119,"column":1}},"1":{"start":{"line":8,"column":30},"end":{"line":69,"column":1}},"2":{"start":{"line":71,"column":41},"end":{"line":75,"column":1}},"3":{"start":{"line":72,"column":25},"end":{"line":72,"column":52}},"4":{"start":{"line":73,"column":2},"end":{"line":73,"column":32}},"5":{"start":{"line":74,"column":2},"end":{"line":74,"column":44}},"6":{"start":{"line":77,"column":0},"end":{"line":79,"column":28}},"7":{"start":{"line":78,"column":2},"end":{"line":78,"column":38}},"8":{"start":{"line":81,"column":0},"end":{"line":118,"column":2}},"9":{"start":{"line":86,"column":36},"end":{"line":86,"column":86}},"10":{"start":{"line":88,"column":12},"end":{"line":114,"column":14}},"11":{"start":{"line":90,"column":56},"end":{"line":90,"column":66}},"12":{"start":{"line":92,"column":18},"end":{"line":111,"column":22}},"13":{"start":{"line":106,"column":20},"end":{"line":106,"column":67}}},"fnMap":{"0":{"name":"(anonymous_0)","decl":{"start":{"line":3,"column":24},"end":{"line":3,"column":25}},"loc":{"start":{"line":3,"column":102},"end":{"line":119,"column":1}},"line":3},"1":{"name":"(anonymous_1)","decl":{"start":{"line":71,"column":41},"end":{"line":71,"column":42}},"loc":{"start":{"line":71,"column":59},"end":{"line":75,"column":1}},"line":71},"2":{"name":"(anonymous_2)","decl":{"start":{"line":77,"column":10},"end":{"line":77,"column":11}},"loc":{"start":{"line":77,"column":15},"end":{"line":79,"column":1}},"line":77},"3":{"name":"(anonymous_3)","decl":{"start":{"line":86,"column":18},"end":{"line":86,"column":19}},"loc":{"start":{"line":86,"column":36},"end":{"line":86,"column":86}},"line":86},"4":{"name":"(anonymous_4)","decl":{"start":{"line":87,"column":15},"end":{"line":87,"column":16}},"loc":{"start":{"line":88,"column":12},"end":{"line":114,"column":14}},"line":88},"5":{"name":"(anonymous_5)","decl":{"start":{"line":90,"column":41},"end":{"line":90,"column":42}},"loc":{"start":{"line":90,"column":56},"end":{"line":90,"column":66}},"line":90},"6":{"name":"(anonymous_6)","decl":{"start":{"line":91,"column":16},"end":{"line":91,"column":17}},"loc":{"start":{"line":92,"column":18},"end":{"line":111,"column":22}},"line":92},"7":{"name":"(anonymous_7)","decl":{"start":{"line":105,"column":28},"end":{"line":105,"column":29}},"loc":{"start":{"line":106,"column":20},"end":{"line":106,"column":67}},"line":106}},"branchMap":{"0":{"loc":{"start":{"line":95,"column":22},"end":{"line":97,"column":41}},"type":"cond-expr","locations":[{"start":{"line":96,"column":26},"end":{"line":96,"column":52}},{"start":{"line":97,"column":26},"end":{"line":97,"column":41}}],"line":95}},"s":{"0":1,"1":2,"2":2,"3":0,"4":0,"5":0,"6":2,"7":0,"8":2,"9":12,"10":0,"11":0,"12":0,"13":0},"f":{"0":2,"1":0,"2":0,"3":12,"4":0,"5":0,"6":0,"7":0},"b":{"0":[0,0]},"_coverageSchema":"1a1c01bbd47fc00a2c39e90264f33305004495a9","hash":"90b23efcd3bf81e06c49601257651314e33b706f"}
,"/Users/jia/Desktop/HackReactor/fecproject/atelier_fecproject/client/src/components/componentA/Helpful.jsx": {"path":"/Users/jia/Desktop/HackReactor/fecproject/atelier_fecproject/client/src/components/componentA/Helpful.jsx","statementMap":{"0":{"start":{"line":4,"column":16},"end":{"line":33,"column":1}},"1":{"start":{"line":6,"column":31},"end":{"line":6,"column":59}},"2":{"start":{"line":7,"column":35},"end":{"line":7,"column":50}},"3":{"start":{"line":10,"column":0},"end":{"line":12,"column":5}},"4":{"start":{"line":11,"column":2},"end":{"line":11,"column":31}},"5":{"start":{"line":15,"column":20},"end":{"line":27,"column":1}},"6":{"start":{"line":16,"column":2},"end":{"line":26,"column":3}},"7":{"start":{"line":17,"column":4},"end":{"line":25,"column":9}},"8":{"start":{"line":20,"column":8},"end":{"line":20,"column":28}},"9":{"start":{"line":21,"column":8},"end":{"line":21,"column":31}},"10":{"start":{"line":24,"column":8},"end":{"line":24,"column":63}},"11":{"start":{"line":30,"column":2},"end":{"line":32,"column":3}}},"fnMap":{"0":{"name":"(anonymous_0)","decl":{"start":{"line":4,"column":16},"end":{"line":4,"column":17}},"loc":{"start":{"line":4,"column":30},"end":{"line":33,"column":1}},"line":4},"1":{"name":"(anonymous_1)","decl":{"start":{"line":10,"column":10},"end":{"line":10,"column":11}},"loc":{"start":{"line":10,"column":16},"end":{"line":12,"column":1}},"line":10},"2":{"name":"(anonymous_2)","decl":{"start":{"line":15,"column":20},"end":{"line":15,"column":21}},"loc":{"start":{"line":15,"column":26},"end":{"line":27,"column":1}},"line":15},"3":{"name":"(anonymous_3)","decl":{"start":{"line":19,"column":12},"end":{"line":19,"column":13}},"loc":{"start":{"line":19,"column":24},"end":{"line":22,"column":7}},"line":19},"4":{"name":"(anonymous_4)","decl":{"start":{"line":23,"column":13},"end":{"line":23,"column":14}},"loc":{"start":{"line":23,"column":24},"end":{"line":25,"column":7}},"line":23}},"branchMap":{"0":{"loc":{"start":{"line":16,"column":2},"end":{"line":26,"column":3}},"type":"if","locations":[{"start":{"line":16,"column":2},"end":{"line":26,"column":3}},{"start":{},"end":{}}],"line":16}},"s":{"0":2,"1":1,"2":1,"3":1,"4":1,"5":1,"6":0,"7":0,"8":0,"9":0,"10":0,"11":1},"f":{"0":1,"1":1,"2":0,"3":0,"4":0},"b":{"0":[0,0]},"_coverageSchema":"1a1c01bbd47fc00a2c39e90264f33305004495a9","hash":"b84d411edc87432839aa65bd71b9280398b7ac5f"}
,"/Users/jia/Desktop/HackReactor/fecproject/atelier_fecproject/client/src/components/componentA/ImageModal.jsx": {"path":"/Users/jia/Desktop/HackReactor/fecproject/atelier_fecproject/client/src/components/componentA/ImageModal.jsx","statementMap":{"0":{"start":{"line":4,"column":19},"end":{"line":18,"column":1}},"1":{"start":{"line":5,"column":2},"end":{"line":17,"column":4}}},"fnMap":{"0":{"name":"(anonymous_0)","decl":{"start":{"line":4,"column":19},"end":{"line":4,"column":20}},"loc":{"start":{"line":4,"column":49},"end":{"line":18,"column":1}},"line":4}},"branchMap":{},"s":{"0":1,"1":0},"f":{"0":0},"b":{},"_coverageSchema":"1a1c01bbd47fc00a2c39e90264f33305004495a9","hash":"bc8e68fc07d388f4de462932fad01ec126dd76e5"}
,"/Users/jia/Desktop/HackReactor/fecproject/atelier_fecproject/client/src/components/componentA/Modal.jsx": {"path":"/Users/jia/Desktop/HackReactor/fecproject/atelier_fecproject/client/src/components/componentA/Modal.jsx","statementMap":{"0":{"start":{"line":10,"column":14},"end":{"line":245,"column":1}},"1":{"start":{"line":12,"column":30},"end":{"line":12,"column":44}},"2":{"start":{"line":13,"column":35},"end":{"line":13,"column":49}},"3":{"start":{"line":14,"column":44},"end":{"line":14,"column":56}},"4":{"start":{"line":15,"column":38},"end":{"line":15,"column":50}},"5":{"start":{"line":16,"column":34},"end":{"line":16,"column":46}},"6":{"start":{"line":17,"column":28},"end":{"line":17,"column":40}},"7":{"start":{"line":18,"column":30},"end":{"line":18,"column":42}},"8":{"start":{"line":19,"column":62},"end":{"line":19,"column":74}},"9":{"start":{"line":20,"column":46},"end":{"line":20,"column":58}},"10":{"start":{"line":21,"column":38},"end":{"line":21,"column":53}},"11":{"start":{"line":22,"column":56},"end":{"line":22,"column":68}},"12":{"start":{"line":23,"column":64},"end":{"line":23,"column":78}},"13":{"start":{"line":25,"column":2},"end":{"line":37,"column":9}},"14":{"start":{"line":26,"column":4},"end":{"line":36,"column":9}},"15":{"start":{"line":28,"column":40},"end":{"line":28,"column":69}},"16":{"start":{"line":29,"column":8},"end":{"line":29,"column":60}},"17":{"start":{"line":30,"column":21},"end":{"line":30,"column":57}},"18":{"start":{"line":31,"column":8},"end":{"line":31,"column":37}},"19":{"start":{"line":32,"column":8},"end":{"line":32,"column":56}},"20":{"start":{"line":32,"column":49},"end":{"line":32,"column":53}},"21":{"start":{"line":35,"column":8},"end":{"line":35,"column":69}},"22":{"start":{"line":39,"column":32},"end":{"line":41,"column":3}},"23":{"start":{"line":40,"column":4},"end":{"line":40,"column":24}},"24":{"start":{"line":43,"column":36},"end":{"line":45,"column":3}},"25":{"start":{"line":44,"column":4},"end":{"line":44,"column":41}},"26":{"start":{"line":47,"column":33},"end":{"line":55,"column":3}},"27":{"start":{"line":48,"column":26},"end":{"line":48,"column":44}},"28":{"start":{"line":50,"column":4},"end":{"line":50,"column":33}},"29":{"start":{"line":52,"column":32},"end":{"line":52,"column":68}},"30":{"start":{"line":53,"column":27},"end":{"line":53,"column":133}},"31":{"start":{"line":54,"column":4},"end":{"line":54,"column":38}},"32":{"start":{"line":57,"column":28},"end":{"line":59,"column":3}},"33":{"start":{"line":58,"column":4},"end":{"line":58,"column":33}},"34":{"start":{"line":61,"column":31},"end":{"line":63,"column":3}},"35":{"start":{"line":62,"column":4},"end":{"line":62,"column":36}},"36":{"start":{"line":67,"column":23},"end":{"line":102,"column":3}},"37":{"start":{"line":68,"column":39},"end":{"line":68,"column":41}},"38":{"start":{"line":69,"column":4},"end":{"line":72,"column":6}},"39":{"start":{"line":70,"column":21},"end":{"line":70,"column":57}},"40":{"start":{"line":71,"column":6},"end":{"line":71,"column":73}},"41":{"start":{"line":74,"column":24},"end":{"line":74,"column":48}},"42":{"start":{"line":75,"column":22},"end":{"line":87,"column":5}},"43":{"start":{"line":89,"column":4},"end":{"line":97,"column":9}},"44":{"start":{"line":91,"column":8},"end":{"line":91,"column":46}},"45":{"start":{"line":92,"column":8},"end":{"line":92,"column":44}},"46":{"start":{"line":93,"column":8},"end":{"line":93,"column":28}},"47":{"start":{"line":96,"column":8},"end":{"line":96,"column":55}},"48":{"start":{"line":99,"column":4},"end":{"line":101,"column":13}},"49":{"start":{"line":100,"column":6},"end":{"line":100,"column":26}},"50":{"start":{"line":106,"column":2},"end":{"line":242,"column":4}},"51":{"start":{"line":133,"column":32},"end":{"line":133,"column":59}},"52":{"start":{"line":147,"column":32},"end":{"line":147,"column":59}},"53":{"start":{"line":193,"column":42},"end":{"line":193,"column":68}},"54":{"start":{"line":194,"column":39},"end":{"line":194,"column":93}},"55":{"start":{"line":194,"column":67},"end":{"line":194,"column":92}},"56":{"start":{"line":195,"column":20},"end":{"line":195,"column":42}},"57":{"start":{"line":196,"column":20},"end":{"line":196,"column":40}},"58":{"start":{"line":229,"column":282},"end":{"line":229,"column":302}}},"fnMap":{"0":{"name":"(anonymous_0)","decl":{"start":{"line":10,"column":14},"end":{"line":10,"column":15}},"loc":{"start":{"line":10,"column":66},"end":{"line":245,"column":1}},"line":10},"1":{"name":"(anonymous_1)","decl":{"start":{"line":25,"column":12},"end":{"line":25,"column":13}},"loc":{"start":{"line":25,"column":18},"end":{"line":37,"column":3}},"line":25},"2":{"name":"(anonymous_2)","decl":{"start":{"line":27,"column":12},"end":{"line":27,"column":13}},"loc":{"start":{"line":27,"column":24},"end":{"line":33,"column":7}},"line":27},"3":{"name":"(anonymous_3)","decl":{"start":{"line":32,"column":43},"end":{"line":32,"column":44}},"loc":{"start":{"line":32,"column":49},"end":{"line":32,"column":53}},"line":32},"4":{"name":"(anonymous_4)","decl":{"start":{"line":34,"column":13},"end":{"line":34,"column":14}},"loc":{"start":{"line":34,"column":22},"end":{"line":36,"column":7}},"line":34},"5":{"name":"(anonymous_5)","decl":{"start":{"line":39,"column":32},"end":{"line":39,"column":33}},"loc":{"start":{"line":39,"column":43},"end":{"line":41,"column":3}},"line":39},"6":{"name":"(anonymous_6)","decl":{"start":{"line":43,"column":36},"end":{"line":43,"column":37}},"loc":{"start":{"line":43,"column":47},"end":{"line":45,"column":3}},"line":43},"7":{"name":"(anonymous_7)","decl":{"start":{"line":47,"column":33},"end":{"line":47,"column":34}},"loc":{"start":{"line":47,"column":44},"end":{"line":55,"column":3}},"line":47},"8":{"name":"(anonymous_8)","decl":{"start":{"line":57,"column":28},"end":{"line":57,"column":29}},"loc":{"start":{"line":57,"column":39},"end":{"line":59,"column":3}},"line":57},"9":{"name":"(anonymous_9)","decl":{"start":{"line":61,"column":31},"end":{"line":61,"column":32}},"loc":{"start":{"line":61,"column":42},"end":{"line":63,"column":3}},"line":61},"10":{"name":"(anonymous_10)","decl":{"start":{"line":67,"column":23},"end":{"line":67,"column":24}},"loc":{"start":{"line":67,"column":29},"end":{"line":102,"column":3}},"line":67},"11":{"name":"(anonymous_11)","decl":{"start":{"line":69,"column":28},"end":{"line":69,"column":29}},"loc":{"start":{"line":69,"column":49},"end":{"line":72,"column":5}},"line":69},"12":{"name":"(anonymous_12)","decl":{"start":{"line":90,"column":12},"end":{"line":90,"column":13}},"loc":{"start":{"line":90,"column":24},"end":{"line":94,"column":7}},"line":90},"13":{"name":"(anonymous_13)","decl":{"start":{"line":95,"column":13},"end":{"line":95,"column":14}},"loc":{"start":{"line":95,"column":22},"end":{"line":97,"column":7}},"line":95},"14":{"name":"(anonymous_14)","decl":{"start":{"line":99,"column":15},"end":{"line":99,"column":16}},"loc":{"start":{"line":99,"column":21},"end":{"line":101,"column":5}},"line":99},"15":{"name":"(anonymous_15)","decl":{"start":{"line":133,"column":26},"end":{"line":133,"column":27}},"loc":{"start":{"line":133,"column":32},"end":{"line":133,"column":59}},"line":133},"16":{"name":"(anonymous_16)","decl":{"start":{"line":147,"column":26},"end":{"line":147,"column":27}},"loc":{"start":{"line":147,"column":32},"end":{"line":147,"column":59}},"line":147},"17":{"name":"(anonymous_17)","decl":{"start":{"line":192,"column":28},"end":{"line":192,"column":29}},"loc":{"start":{"line":192,"column":35},"end":{"line":197,"column":19}},"line":192},"18":{"name":"(anonymous_18)","decl":{"start":{"line":194,"column":57},"end":{"line":194,"column":58}},"loc":{"start":{"line":194,"column":67},"end":{"line":194,"column":92}},"line":194},"19":{"name":"(anonymous_19)","decl":{"start":{"line":229,"column":274},"end":{"line":229,"column":275}},"loc":{"start":{"line":229,"column":280},"end":{"line":229,"column":304}},"line":229}},"branchMap":{"0":{"loc":{"start":{"line":53,"column":27},"end":{"line":53,"column":133}},"type":"cond-expr","locations":[{"start":{"line":53,"column":55},"end":{"line":53,"column":72}},{"start":{"line":53,"column":75},"end":{"line":53,"column":133}}],"line":53},"1":{"loc":{"start":{"line":107,"column":81},"end":{"line":107,"column":113}},"type":"cond-expr","locations":[{"start":{"line":107,"column":93},"end":{"line":107,"column":102}},{"start":{"line":107,"column":105},"end":{"line":107,"column":113}}],"line":107},"2":{"loc":{"start":{"line":110,"column":11},"end":{"line":238,"column":11}},"type":"cond-expr","locations":[{"start":{"line":111,"column":12},"end":{"line":232,"column":15}},{"start":{"line":234,"column":12},"end":{"line":237,"column":18}}],"line":110}},"s":{"0":1,"1":2,"2":2,"3":2,"4":2,"5":2,"6":2,"7":2,"8":2,"9":2,"10":2,"11":2,"12":2,"13":2,"14":0,"15":0,"16":0,"17":0,"18":0,"19":0,"20":0,"21":0,"22":2,"23":0,"24":2,"25":0,"26":2,"27":0,"28":0,"29":0,"30":0,"31":0,"32":2,"33":0,"34":2,"35":0,"36":2,"37":0,"38":0,"39":0,"40":0,"41":0,"42":0,"43":0,"44":0,"45":0,"46":0,"47":0,"48":0,"49":0,"50":2,"51":0,"52":0,"53":0,"54":0,"55":0,"56":0,"57":0,"58":0},"f":{"0":2,"1":0,"2":0,"3":0,"4":0,"5":0,"6":0,"7":0,"8":0,"9":0,"10":0,"11":0,"12":0,"13":0,"14":0,"15":0,"16":0,"17":0,"18":0,"19":0},"b":{"0":[0,0],"1":[2,0],"2":[2,0]},"_coverageSchema":"1a1c01bbd47fc00a2c39e90264f33305004495a9","hash":"9acd0d56ca6c0c6111f03fb685ac778956016415"}
,"/Users/jia/Desktop/HackReactor/fecproject/atelier_fecproject/client/src/components/componentA/RatingSummary.jsx": {"path":"/Users/jia/Desktop/HackReactor/fecproject/atelier_fecproject/client/src/components/componentA/RatingSummary.jsx","statementMap":{"0":{"start":{"line":7,"column":22},"end":{"line":199,"column":1}},"1":{"start":{"line":9,"column":30},"end":{"line":70,"column":1}},"2":{"start":{"line":72,"column":40},"end":{"line":72,"column":54}},"3":{"start":{"line":75,"column":23},"end":{"line":84,"column":3}},"4":{"start":{"line":76,"column":4},"end":{"line":83,"column":9}},"5":{"start":{"line":78,"column":8},"end":{"line":78,"column":38}},"6":{"start":{"line":82,"column":8},"end":{"line":82,"column":56}},"7":{"start":{"line":86,"column":2},"end":{"line":88,"column":9}},"8":{"start":{"line":87,"column":4},"end":{"line":87,"column":19}},"9":{"start":{"line":90,"column":33},"end":{"line":99,"column":3}},"10":{"start":{"line":91,"column":24},"end":{"line":91,"column":44}},"11":{"start":{"line":92,"column":20},"end":{"line":92,"column":21}},"12":{"start":{"line":93,"column":4},"end":{"line":93,"column":77}},"13":{"start":{"line":93,"column":37},"end":{"line":93,"column":74}},"14":{"start":{"line":94,"column":24},"end":{"line":97,"column":5}},"15":{"start":{"line":95,"column":22},"end":{"line":95,"column":43}},"16":{"start":{"line":98,"column":4},"end":{"line":98,"column":35}},"17":{"start":{"line":101,"column":2},"end":{"line":103,"column":3}},"18":{"start":{"line":102,"column":4},"end":{"line":102,"column":41}},"19":{"start":{"line":105,"column":39},"end":{"line":108,"column":3}},"20":{"start":{"line":107,"column":4},"end":{"line":107,"column":103}},"21":{"start":{"line":110,"column":28},"end":{"line":122,"column":3}},"22":{"start":{"line":111,"column":27},"end":{"line":111,"column":29}},"23":{"start":{"line":112,"column":24},"end":{"line":115,"column":5}},"24":{"start":{"line":113,"column":22},"end":{"line":113,"column":43}},"25":{"start":{"line":116,"column":4},"end":{"line":116,"column":49}},"26":{"start":{"line":117,"column":4},"end":{"line":117,"column":49}},"27":{"start":{"line":118,"column":4},"end":{"line":118,"column":49}},"28":{"start":{"line":119,"column":4},"end":{"line":119,"column":49}},"29":{"start":{"line":120,"column":4},"end":{"line":120,"column":49}},"30":{"start":{"line":121,"column":4},"end":{"line":121,"column":28}},"31":{"start":{"line":125,"column":32},"end":{"line":130,"column":3}},"32":{"start":{"line":127,"column":28},"end":{"line":127,"column":88}},"33":{"start":{"line":127,"column":63},"end":{"line":127,"column":87}},"34":{"start":{"line":129,"column":4},"end":{"line":129,"column":32}},"35":{"start":{"line":133,"column":30},"end":{"line":133,"column":94}},"36":{"start":{"line":135,"column":24},"end":{"line":135,"column":78}},"37":{"start":{"line":137,"column":27},"end":{"line":137,"column":65}},"38":{"start":{"line":141,"column":2},"end":{"line":198,"column":3}},"39":{"start":{"line":155,"column":33},"end":{"line":155,"column":57}},"40":{"start":{"line":160,"column":33},"end":{"line":160,"column":57}},"41":{"start":{"line":165,"column":33},"end":{"line":165,"column":57}},"42":{"start":{"line":170,"column":33},"end":{"line":170,"column":57}},"43":{"start":{"line":175,"column":33},"end":{"line":175,"column":57}},"44":{"start":{"line":183,"column":4},"end":{"line":193,"column":10}},"45":{"start":{"line":188,"column":75},"end":{"line":188,"column":98}},"46":{"start":{"line":189,"column":70},"end":{"line":189,"column":93}},"47":{"start":{"line":190,"column":75},"end":{"line":190,"column":98}}},"fnMap":{"0":{"name":"(anonymous_0)","decl":{"start":{"line":7,"column":22},"end":{"line":7,"column":23}},"loc":{"start":{"line":7,"column":68},"end":{"line":199,"column":1}},"line":7},"1":{"name":"(anonymous_1)","decl":{"start":{"line":75,"column":23},"end":{"line":75,"column":24}},"loc":{"start":{"line":75,"column":29},"end":{"line":84,"column":3}},"line":75},"2":{"name":"(anonymous_2)","decl":{"start":{"line":77,"column":12},"end":{"line":77,"column":13}},"loc":{"start":{"line":77,"column":24},"end":{"line":80,"column":7}},"line":77},"3":{"name":"(anonymous_3)","decl":{"start":{"line":81,"column":13},"end":{"line":81,"column":14}},"loc":{"start":{"line":81,"column":22},"end":{"line":83,"column":7}},"line":81},"4":{"name":"(anonymous_4)","decl":{"start":{"line":86,"column":12},"end":{"line":86,"column":13}},"loc":{"start":{"line":86,"column":18},"end":{"line":88,"column":3}},"line":86},"5":{"name":"(anonymous_5)","decl":{"start":{"line":90,"column":33},"end":{"line":90,"column":34}},"loc":{"start":{"line":90,"column":46},"end":{"line":99,"column":3}},"line":90},"6":{"name":"(anonymous_6)","decl":{"start":{"line":93,"column":24},"end":{"line":93,"column":25}},"loc":{"start":{"line":93,"column":37},"end":{"line":93,"column":74}},"line":93},"7":{"name":"(anonymous_7)","decl":{"start":{"line":95,"column":6},"end":{"line":95,"column":7}},"loc":{"start":{"line":95,"column":22},"end":{"line":95,"column":43}},"line":95},"8":{"name":"(anonymous_8)","decl":{"start":{"line":105,"column":39},"end":{"line":105,"column":40}},"loc":{"start":{"line":105,"column":58},"end":{"line":108,"column":3}},"line":105},"9":{"name":"(anonymous_9)","decl":{"start":{"line":110,"column":28},"end":{"line":110,"column":29}},"loc":{"start":{"line":110,"column":41},"end":{"line":122,"column":3}},"line":110},"10":{"name":"(anonymous_10)","decl":{"start":{"line":113,"column":6},"end":{"line":113,"column":7}},"loc":{"start":{"line":113,"column":22},"end":{"line":113,"column":43}},"line":113},"11":{"name":"(anonymous_11)","decl":{"start":{"line":125,"column":32},"end":{"line":125,"column":33}},"loc":{"start":{"line":125,"column":44},"end":{"line":130,"column":3}},"line":125},"12":{"name":"(anonymous_12)","decl":{"start":{"line":127,"column":53},"end":{"line":127,"column":54}},"loc":{"start":{"line":127,"column":63},"end":{"line":127,"column":87}},"line":127},"13":{"name":"(anonymous_13)","decl":{"start":{"line":155,"column":26},"end":{"line":155,"column":27}},"loc":{"start":{"line":155,"column":32},"end":{"line":155,"column":58}},"line":155},"14":{"name":"(anonymous_14)","decl":{"start":{"line":160,"column":26},"end":{"line":160,"column":27}},"loc":{"start":{"line":160,"column":32},"end":{"line":160,"column":58}},"line":160},"15":{"name":"(anonymous_15)","decl":{"start":{"line":165,"column":26},"end":{"line":165,"column":27}},"loc":{"start":{"line":165,"column":32},"end":{"line":165,"column":58}},"line":165},"16":{"name":"(anonymous_16)","decl":{"start":{"line":170,"column":26},"end":{"line":170,"column":27}},"loc":{"start":{"line":170,"column":32},"end":{"line":170,"column":58}},"line":170},"17":{"name":"(anonymous_17)","decl":{"start":{"line":175,"column":26},"end":{"line":175,"column":27}},"loc":{"start":{"line":175,"column":32},"end":{"line":175,"column":58}},"line":175},"18":{"name":"(anonymous_18)","decl":{"start":{"line":182,"column":51},"end":{"line":182,"column":52}},"loc":{"start":{"line":183,"column":4},"end":{"line":193,"column":10}},"line":183},"19":{"name":"(anonymous_19)","decl":{"start":{"line":188,"column":67},"end":{"line":188,"column":68}},"loc":{"start":{"line":188,"column":75},"end":{"line":188,"column":98}},"line":188},"20":{"name":"(anonymous_20)","decl":{"start":{"line":189,"column":62},"end":{"line":189,"column":63}},"loc":{"start":{"line":189,"column":70},"end":{"line":189,"column":93}},"line":189},"21":{"name":"(anonymous_21)","decl":{"start":{"line":190,"column":67},"end":{"line":190,"column":68}},"loc":{"start":{"line":190,"column":75},"end":{"line":190,"column":98}},"line":190}},"branchMap":{"0":{"loc":{"start":{"line":101,"column":2},"end":{"line":103,"column":3}},"type":"if","locations":[{"start":{"line":101,"column":2},"end":{"line":103,"column":3}},{"start":{},"end":{}}],"line":101}},"s":{"0":1,"1":16,"2":16,"3":16,"4":3,"5":3,"6":0,"7":16,"8":3,"9":16,"10":0,"11":0,"12":0,"13":0,"14":0,"15":0,"16":0,"17":16,"18":8,"19":8,"20":8,"21":8,"22":0,"23":0,"24":0,"25":0,"26":0,"27":0,"28":0,"29":0,"30":0,"31":8,"32":0,"33":0,"34":0,"35":8,"36":0,"37":0,"38":0,"39":0,"40":0,"41":0,"42":0,"43":0,"44":0,"45":0,"46":0,"47":0},"f":{"0":16,"1":3,"2":3,"3":0,"4":3,"5":0,"6":0,"7":0,"8":8,"9":0,"10":0,"11":0,"12":0,"13":0,"14":0,"15":0,"16":0,"17":0,"18":0,"19":0,"20":0,"21":0},"b":{"0":[8,8]},"_coverageSchema":"1a1c01bbd47fc00a2c39e90264f33305004495a9","hash":"29dce6110ab32403daf3abdd65b911106a2b1921"}
,"/Users/jia/Desktop/HackReactor/fecproject/atelier_fecproject/client/src/components/componentA/ReviewBar.jsx": {"path":"/Users/jia/Desktop/HackReactor/fecproject/atelier_fecproject/client/src/components/componentA/ReviewBar.jsx","statementMap":{"0":{"start":{"line":3,"column":18},"end":{"line":27,"column":1}},"1":{"start":{"line":5,"column":22},"end":{"line":11,"column":5}},"2":{"start":{"line":13,"column":21},"end":{"line":19,"column":5}},"3":{"start":{"line":21,"column":2},"end":{"line":26,"column":3}}},"fnMap":{"0":{"name":"(anonymous_0)","decl":{"start":{"line":3,"column":18},"end":{"line":3,"column":19}},"loc":{"start":{"line":3,"column":49},"end":{"line":27,"column":1}},"line":3}},"branchMap":{},"s":{"0":1,"1":0,"2":0,"3":0},"f":{"0":0},"b":{},"_coverageSchema":"1a1c01bbd47fc00a2c39e90264f33305004495a9","hash":"44c99c70d76c99130ebbe77d8e6e6fda3eae96c2"}
,"/Users/jia/Desktop/HackReactor/fecproject/atelier_fecproject/client/src/components/componentA/ReviewEntry.jsx": {"path":"/Users/jia/Desktop/HackReactor/fecproject/atelier_fecproject/client/src/components/componentA/ReviewEntry.jsx","statementMap":{"0":{"start":{"line":7,"column":20},"end":{"line":68,"column":1}},"1":{"start":{"line":8,"column":18},"end":{"line":8,"column":39}},"2":{"start":{"line":9,"column":18},"end":{"line":9,"column":69}},"3":{"start":{"line":10,"column":24},"end":{"line":10,"column":68}},"4":{"start":{"line":12,"column":46},"end":{"line":12,"column":61}},"5":{"start":{"line":13,"column":44},"end":{"line":13,"column":58}},"6":{"start":{"line":14,"column":46},"end":{"line":14,"column":61}},"7":{"start":{"line":16,"column":25},"end":{"line":18,"column":3}},"8":{"start":{"line":17,"column":4},"end":{"line":17,"column":28}},"9":{"start":{"line":20,"column":27},"end":{"line":23,"column":3}},"10":{"start":{"line":21,"column":4},"end":{"line":21,"column":28}},"11":{"start":{"line":22,"column":4},"end":{"line":22,"column":28}},"12":{"start":{"line":25,"column":2},"end":{"line":67,"column":4}},"13":{"start":{"line":44,"column":12},"end":{"line":48,"column":14}},"14":{"start":{"line":47,"column":27},"end":{"line":47,"column":50}},"15":{"start":{"line":56,"column":26},"end":{"line":56,"column":50}}},"fnMap":{"0":{"name":"(anonymous_0)","decl":{"start":{"line":7,"column":20},"end":{"line":7,"column":21}},"loc":{"start":{"line":7,"column":36},"end":{"line":68,"column":1}},"line":7},"1":{"name":"(anonymous_1)","decl":{"start":{"line":16,"column":25},"end":{"line":16,"column":26}},"loc":{"start":{"line":16,"column":31},"end":{"line":18,"column":3}},"line":16},"2":{"name":"(anonymous_2)","decl":{"start":{"line":20,"column":27},"end":{"line":20,"column":28}},"loc":{"start":{"line":20,"column":38},"end":{"line":23,"column":3}},"line":20},"3":{"name":"(anonymous_3)","decl":{"start":{"line":43,"column":29},"end":{"line":43,"column":30}},"loc":{"start":{"line":44,"column":12},"end":{"line":48,"column":14}},"line":44},"4":{"name":"(anonymous_4)","decl":{"start":{"line":47,"column":21},"end":{"line":47,"column":22}},"loc":{"start":{"line":47,"column":27},"end":{"line":47,"column":50}},"line":47},"5":{"name":"(anonymous_5)","decl":{"start":{"line":56,"column":20},"end":{"line":56,"column":21}},"loc":{"start":{"line":56,"column":26},"end":{"line":56,"column":50}},"line":56}},"branchMap":{"0":{"loc":{"start":{"line":34,"column":48},"end":{"line":34,"column":80}},"type":"cond-expr","locations":[{"start":{"line":34,"column":65},"end":{"line":34,"column":75}},{"start":{"line":34,"column":78},"end":{"line":34,"column":80}}],"line":34},"1":{"loc":{"start":{"line":35,"column":9},"end":{"line":35,"column":69}},"type":"cond-expr","locations":[{"start":{"line":35,"column":26},"end":{"line":35,"column":37}},{"start":{"line":35,"column":40},"end":{"line":35,"column":69}}],"line":35},"2":{"loc":{"start":{"line":36,"column":9},"end":{"line":38,"column":9}},"type":"binary-expr","locations":[{"start":{"line":36,"column":9},"end":{"line":36,"column":24}},{"start":{"line":36,"column":28},"end":{"line":36,"column":52}},{"start":{"line":37,"column":10},"end":{"line":37,"column":122}}],"line":36},"3":{"loc":{"start":{"line":41,"column":7},"end":{"line":51,"column":7}},"type":"binary-expr","locations":[{"start":{"line":41,"column":7},"end":{"line":41,"column":20}},{"start":{"line":41,"column":24},"end":{"line":41,"column":48}},{"start":{"line":42,"column":8},"end":{"line":50,"column":14}}],"line":41},"4":{"loc":{"start":{"line":53,"column":7},"end":{"line":58,"column":7}},"type":"binary-expr","locations":[{"start":{"line":53,"column":7},"end":{"line":53,"column":21}},{"start":{"line":54,"column":8},"end":{"line":57,"column":10}}],"line":53},"5":{"loc":{"start":{"line":60,"column":7},"end":{"line":60,"column":156}},"type":"binary-expr","locations":[{"start":{"line":60,"column":7},"end":{"line":60,"column":23}},{"start":{"line":60,"column":27},"end":{"line":60,"column":156}}],"line":60}},"s":{"0":1,"1":0,"2":0,"3":0,"4":0,"5":0,"6":0,"7":0,"8":0,"9":0,"10":0,"11":0,"12":0,"13":0,"14":0,"15":0},"f":{"0":0,"1":0,"2":0,"3":0,"4":0,"5":0},"b":{"0":[0,0],"1":[0,0],"2":[0,0,0],"3":[0,0,0],"4":[0,0],"5":[0,0]},"_coverageSchema":"1a1c01bbd47fc00a2c39e90264f33305004495a9","hash":"191984fae98cd5f84ccc33073f17bed523a0a5ef"}
,"/Users/jia/Desktop/HackReactor/fecproject/atelier_fecproject/client/src/components/componentA/ReviewsList.jsx": {"path":"/Users/jia/Desktop/HackReactor/fecproject/atelier_fecproject/client/src/components/componentA/ReviewsList.jsx","statementMap":{"0":{"start":{"line":7,"column":20},"end":{"line":110,"column":1}},"1":{"start":{"line":8,"column":32},"end":{"line":8,"column":44}},"2":{"start":{"line":9,"column":52},"end":{"line":9,"column":64}},"3":{"start":{"line":10,"column":32},"end":{"line":10,"column":43}},"4":{"start":{"line":11,"column":36},"end":{"line":11,"column":51}},"5":{"start":{"line":12,"column":44},"end":{"line":12,"column":58}},"6":{"start":{"line":14,"column":22},"end":{"line":35,"column":3}},"7":{"start":{"line":15,"column":24},"end":{"line":15,"column":36}},"8":{"start":{"line":16,"column":4},"end":{"line":33,"column":5}},"9":{"start":{"line":18,"column":8},"end":{"line":18,"column":68}},"10":{"start":{"line":18,"column":37},"end":{"line":18,"column":66}},"11":{"start":{"line":19,"column":8},"end":{"line":19,"column":14}},"12":{"start":{"line":21,"column":8},"end":{"line":21,"column":74}},"13":{"start":{"line":21,"column":37},"end":{"line":21,"column":72}},"14":{"start":{"line":22,"column":8},"end":{"line":22,"column":14}},"15":{"start":{"line":24,"column":8},"end":{"line":29,"column":11}},"16":{"start":{"line":25,"column":29},"end":{"line":25,"column":87}},"17":{"start":{"line":26,"column":29},"end":{"line":26,"column":87}},"18":{"start":{"line":28,"column":10},"end":{"line":28,"column":41}},"19":{"start":{"line":30,"column":8},"end":{"line":30,"column":14}},"20":{"start":{"line":32,"column":8},"end":{"line":32,"column":14}},"21":{"start":{"line":34,"column":4},"end":{"line":34,"column":30}},"22":{"start":{"line":37,"column":2},"end":{"line":39,"column":22}},"23":{"start":{"line":38,"column":4},"end":{"line":38,"column":31}},"24":{"start":{"line":41,"column":23},"end":{"line":51,"column":3}},"25":{"start":{"line":42,"column":4},"end":{"line":50,"column":9}},"26":{"start":{"line":45,"column":8},"end":{"line":45,"column":34}},"27":{"start":{"line":46,"column":8},"end":{"line":46,"column":44}},"28":{"start":{"line":49,"column":8},"end":{"line":49,"column":56}},"29":{"start":{"line":54,"column":26},"end":{"line":56,"column":3}},"30":{"start":{"line":55,"column":4},"end":{"line":55,"column":45}},"31":{"start":{"line":55,"column":30},"end":{"line":55,"column":43}},"32":{"start":{"line":58,"column":29},"end":{"line":58,"column":53}},"33":{"start":{"line":60,"column":2},"end":{"line":62,"column":9}},"34":{"start":{"line":61,"column":4},"end":{"line":61,"column":19}},"35":{"start":{"line":64,"column":2},"end":{"line":109,"column":4}},"36":{"start":{"line":76,"column":27},"end":{"line":76,"column":59}},"37":{"start":{"line":87,"column":10},"end":{"line":87,"column":53}},"38":{"start":{"line":98,"column":127},"end":{"line":98,"column":145}}},"fnMap":{"0":{"name":"(anonymous_0)","decl":{"start":{"line":7,"column":20},"end":{"line":7,"column":21}},"loc":{"start":{"line":7,"column":26},"end":{"line":110,"column":1}},"line":7},"1":{"name":"(anonymous_1)","decl":{"start":{"line":14,"column":22},"end":{"line":14,"column":23}},"loc":{"start":{"line":14,"column":34},"end":{"line":35,"column":3}},"line":14},"2":{"name":"(anonymous_2)","decl":{"start":{"line":18,"column":27},"end":{"line":18,"column":28}},"loc":{"start":{"line":18,"column":37},"end":{"line":18,"column":66}},"line":18},"3":{"name":"(anonymous_3)","decl":{"start":{"line":21,"column":27},"end":{"line":21,"column":28}},"loc":{"start":{"line":21,"column":37},"end":{"line":21,"column":72}},"line":21},"4":{"name":"(anonymous_4)","decl":{"start":{"line":24,"column":27},"end":{"line":24,"column":28}},"loc":{"start":{"line":24,"column":37},"end":{"line":29,"column":9}},"line":24},"5":{"name":"(anonymous_5)","decl":{"start":{"line":37,"column":12},"end":{"line":37,"column":13}},"loc":{"start":{"line":37,"column":18},"end":{"line":39,"column":3}},"line":37},"6":{"name":"(anonymous_6)","decl":{"start":{"line":41,"column":23},"end":{"line":41,"column":24}},"loc":{"start":{"line":41,"column":29},"end":{"line":51,"column":3}},"line":41},"7":{"name":"(anonymous_7)","decl":{"start":{"line":43,"column":12},"end":{"line":43,"column":13}},"loc":{"start":{"line":43,"column":24},"end":{"line":47,"column":7}},"line":43},"8":{"name":"(anonymous_8)","decl":{"start":{"line":48,"column":13},"end":{"line":48,"column":14}},"loc":{"start":{"line":48,"column":22},"end":{"line":50,"column":7}},"line":48},"9":{"name":"(anonymous_9)","decl":{"start":{"line":54,"column":26},"end":{"line":54,"column":27}},"loc":{"start":{"line":54,"column":32},"end":{"line":56,"column":3}},"line":54},"10":{"name":"(anonymous_10)","decl":{"start":{"line":55,"column":15},"end":{"line":55,"column":16}},"loc":{"start":{"line":55,"column":30},"end":{"line":55,"column":43}},"line":55},"11":{"name":"(anonymous_11)","decl":{"start":{"line":60,"column":12},"end":{"line":60,"column":13}},"loc":{"start":{"line":60,"column":18},"end":{"line":62,"column":3}},"line":60},"12":{"name":"(anonymous_12)","decl":{"start":{"line":76,"column":20},"end":{"line":76,"column":21}},"loc":{"start":{"line":76,"column":27},"end":{"line":76,"column":59}},"line":76},"13":{"name":"(anonymous_13)","decl":{"start":{"line":86,"column":39},"end":{"line":86,"column":40}},"loc":{"start":{"line":87,"column":10},"end":{"line":87,"column":53}},"line":87},"14":{"name":"(anonymous_14)","decl":{"start":{"line":98,"column":121},"end":{"line":98,"column":122}},"loc":{"start":{"line":98,"column":127},"end":{"line":98,"column":145}},"line":98}},"branchMap":{"0":{"loc":{"start":{"line":16,"column":4},"end":{"line":33,"column":5}},"type":"switch","locations":[{"start":{"line":17,"column":6},"end":{"line":19,"column":14}},{"start":{"line":20,"column":6},"end":{"line":22,"column":14}},{"start":{"line":23,"column":6},"end":{"line":30,"column":14}},{"start":{"line":31,"column":6},"end":{"line":32,"column":14}}],"line":16},"1":{"loc":{"start":{"line":92,"column":5},"end":{"line":96,"column":5}},"type":"binary-expr","locations":[{"start":{"line":92,"column":5},"end":{"line":92,"column":23}},{"start":{"line":93,"column":6},"end":{"line":95,"column":15}}],"line":92},"2":{"loc":{"start":{"line":101,"column":7},"end":{"line":101,"column":120}},"type":"binary-expr","locations":[{"start":{"line":101,"column":7},"end":{"line":101,"column":16}},{"start":{"line":101,"column":20},"end":{"line":101,"column":120}}],"line":101}},"s":{"0":1,"1":13,"2":12,"3":12,"4":12,"5":12,"6":12,"7":3,"8":3,"9":0,"10":0,"11":0,"12":0,"13":0,"14":0,"15":0,"16":0,"17":0,"18":0,"19":0,"20":3,"21":3,"22":12,"23":3,"24":12,"25":3,"26":3,"27":3,"28":0,"29":12,"30":0,"31":0,"32":12,"33":12,"34":3,"35":12,"36":0,"37":0,"38":1},"f":{"0":13,"1":3,"2":0,"3":0,"4":0,"5":3,"6":3,"7":3,"8":0,"9":0,"10":0,"11":3,"12":0,"13":0,"14":1},"b":{"0":[0,0,0,3],"1":[12,0],"2":[12,2]},"_coverageSchema":"1a1c01bbd47fc00a2c39e90264f33305004495a9","hash":"acf79b0b1d49ef62bda72bff799888b215921d74"}
,"/Users/jia/Desktop/HackReactor/fecproject/atelier_fecproject/client/src/components/componentA/Star.jsx": {"path":"/Users/jia/Desktop/HackReactor/fecproject/atelier_fecproject/client/src/components/componentA/Star.jsx","statementMap":{"0":{"start":{"line":10,"column":28},"end":{"line":50,"column":3}},"1":{"start":{"line":11,"column":4},"end":{"line":11,"column":25}},"2":{"start":{"line":12,"column":16},"end":{"line":12,"column":18}},"3":{"start":{"line":13,"column":4},"end":{"line":48,"column":5}},"4":{"start":{"line":14,"column":8},"end":{"line":46,"column":9}},"5":{"start":{"line":15,"column":12},"end":{"line":15,"column":26}},"6":{"start":{"line":16,"column":15},"end":{"line":46,"column":9}},"7":{"start":{"line":17,"column":24},"end":{"line":17,"column":44}},"8":{"start":{"line":18,"column":24},"end":{"line":18,"column":47}},"9":{"start":{"line":19,"column":23},"end":{"line":19,"column":45}},"10":{"start":{"line":20,"column":24},"end":{"line":20,"column":47}},"11":{"start":{"line":21,"column":23},"end":{"line":21,"column":43}},"12":{"start":{"line":22,"column":26},"end":{"line":22,"column":67}},"13":{"start":{"line":23,"column":12},"end":{"line":43,"column":13}},"14":{"start":{"line":25,"column":20},"end":{"line":25,"column":34}},"15":{"start":{"line":26,"column":20},"end":{"line":26,"column":26}},"16":{"start":{"line":28,"column":20},"end":{"line":28,"column":37}},"17":{"start":{"line":29,"column":20},"end":{"line":29,"column":26}},"18":{"start":{"line":31,"column":20},"end":{"line":31,"column":36}},"19":{"start":{"line":32,"column":20},"end":{"line":32,"column":26}},"20":{"start":{"line":34,"column":20},"end":{"line":34,"column":37}},"21":{"start":{"line":35,"column":20},"end":{"line":35,"column":26}},"22":{"start":{"line":37,"column":20},"end":{"line":37,"column":36}},"23":{"start":{"line":38,"column":20},"end":{"line":38,"column":26}},"24":{"start":{"line":40,"column":20},"end":{"line":40,"column":40}},"25":{"start":{"line":41,"column":20},"end":{"line":41,"column":34}},"26":{"start":{"line":42,"column":20},"end":{"line":42,"column":26}},"27":{"start":{"line":45,"column":12},"end":{"line":45,"column":26}},"28":{"start":{"line":47,"column":8},"end":{"line":47,"column":28}},"29":{"start":{"line":49,"column":4},"end":{"line":49,"column":17}},"30":{"start":{"line":52,"column":13},"end":{"line":83,"column":1}},"31":{"start":{"line":64,"column":16},"end":{"line":64,"column":36}},"32":{"start":{"line":66,"column":2},"end":{"line":82,"column":4}},"33":{"start":{"line":69,"column":16},"end":{"line":79,"column":18}}},"fnMap":{"0":{"name":"(anonymous_0)","decl":{"start":{"line":10,"column":28},"end":{"line":10,"column":29}},"loc":{"start":{"line":10,"column":40},"end":{"line":50,"column":3}},"line":10},"1":{"name":"(anonymous_1)","decl":{"start":{"line":52,"column":13},"end":{"line":52,"column":14}},"loc":{"start":{"line":52,"column":27},"end":{"line":83,"column":1}},"line":52},"2":{"name":"(anonymous_2)","decl":{"start":{"line":68,"column":17},"end":{"line":68,"column":18}},"loc":{"start":{"line":68,"column":30},"end":{"line":80,"column":13}},"line":68}},"branchMap":{"0":{"loc":{"start":{"line":11,"column":13},"end":{"line":11,"column":24}},"type":"binary-expr","locations":[{"start":{"line":11,"column":13},"end":{"line":11,"column":19}},{"start":{"line":11,"column":23},"end":{"line":11,"column":24}}],"line":11},"1":{"loc":{"start":{"line":14,"column":8},"end":{"line":46,"column":9}},"type":"if","locations":[{"start":{"line":14,"column":8},"end":{"line":46,"column":9}},{"start":{"line":16,"column":15},"end":{"line":46,"column":9}}],"line":14},"2":{"loc":{"start":{"line":16,"column":15},"end":{"line":46,"column":9}},"type":"if","locations":[{"start":{"line":16,"column":15},"end":{"line":46,"column":9}},{"start":{"line":44,"column":15},"end":{"line":46,"column":9}}],"line":16},"3":{"loc":{"start":{"line":23,"column":12},"end":{"line":43,"column":13}},"type":"switch","locations":[{"start":{"line":24,"column":16},"end":{"line":26,"column":26}},{"start":{"line":27,"column":16},"end":{"line":29,"column":26}},{"start":{"line":30,"column":16},"end":{"line":32,"column":26}},{"start":{"line":33,"column":16},"end":{"line":35,"column":26}},{"start":{"line":36,"column":16},"end":{"line":38,"column":26}},{"start":{"line":39,"column":16},"end":{"line":42,"column":26}}],"line":23},"4":{"loc":{"start":{"line":72,"column":25},"end":{"line":72,"column":126}},"type":"binary-expr","locations":[{"start":{"line":72,"column":25},"end":{"line":72,"column":35}},{"start":{"line":72,"column":39},"end":{"line":72,"column":126}}],"line":72},"5":{"loc":{"start":{"line":73,"column":25},"end":{"line":73,"column":135}},"type":"binary-expr","locations":[{"start":{"line":73,"column":25},"end":{"line":73,"column":38}},{"start":{"line":73,"column":42},"end":{"line":73,"column":135}}],"line":73},"6":{"loc":{"start":{"line":74,"column":25},"end":{"line":74,"column":122}},"type":"binary-expr","locations":[{"start":{"line":74,"column":25},"end":{"line":74,"column":37}},{"start":{"line":74,"column":41},"end":{"line":74,"column":122}}],"line":74},"7":{"loc":{"start":{"line":75,"column":25},"end":{"line":75,"column":139}},"type":"binary-expr","locations":[{"start":{"line":75,"column":25},"end":{"line":75,"column":38}},{"start":{"line":75,"column":42},"end":{"line":75,"column":139}}],"line":75},"8":{"loc":{"start":{"line":76,"column":25},"end":{"line":76,"column":120}},"type":"binary-expr","locations":[{"start":{"line":76,"column":25},"end":{"line":76,"column":35}},{"start":{"line":76,"column":39},"end":{"line":76,"column":120}}],"line":76}},"s":{"0":2,"1":4,"2":4,"3":4,"4":20,"5":8,"6":12,"7":3,"8":3,"9":3,"10":3,"11":3,"12":3,"13":3,"14":0,"15":0,"16":0,"17":0,"18":1,"19":1,"20":2,"21":2,"22":0,"23":0,"24":0,"25":0,"26":0,"27":9,"28":20,"29":4,"30":2,"31":3,"32":3,"33":15},"f":{"0":4,"1":3,"2":15},"b":{"0":[4,0],"1":[8,12],"2":[3,9],"3":[0,0,1,2,0,0],"4":[15,8],"5":[15,0],"6":[15,1],"7":[15,1],"8":[15,5]},"_coverageSchema":"1a1c01bbd47fc00a2c39e90264f33305004495a9","hash":"51412ca3f3994ae08b563432716440aa5c9ffd42"}
,"/Users/jia/Desktop/HackReactor/fecproject/atelier_fecproject/client/src/components/componentA/StarRating.jsx": {"path":"/Users/jia/Desktop/HackReactor/fecproject/atelier_fecproject/client/src/components/componentA/StarRating.jsx","statementMap":{"0":{"start":{"line":4,"column":19},"end":{"line":52,"column":1}},"1":{"start":{"line":6,"column":28},"end":{"line":6,"column":42}},"2":{"start":{"line":7,"column":21},"end":{"line":13,"column":3}},"3":{"start":{"line":15,"column":2},"end":{"line":17,"column":15}},"4":{"start":{"line":16,"column":4},"end":{"line":16,"column":24}},"5":{"start":{"line":19,"column":2},"end":{"line":51,"column":3}},"6":{"start":{"line":22,"column":28},"end":{"line":22,"column":33}},"7":{"start":{"line":24,"column":8},"end":{"line":43,"column":9}},"8":{"start":{"line":32,"column":16},"end":{"line":32,"column":39}},"9":{"start":{"line":39,"column":34},"end":{"line":39,"column":55}},"10":{"start":{"line":40,"column":34},"end":{"line":40,"column":48}}},"fnMap":{"0":{"name":"(anonymous_0)","decl":{"start":{"line":4,"column":19},"end":{"line":4,"column":20}},"loc":{"start":{"line":4,"column":44},"end":{"line":52,"column":1}},"line":4},"1":{"name":"(anonymous_1)","decl":{"start":{"line":15,"column":12},"end":{"line":15,"column":13}},"loc":{"start":{"line":15,"column":18},"end":{"line":17,"column":3}},"line":15},"2":{"name":"(anonymous_2)","decl":{"start":{"line":21,"column":25},"end":{"line":21,"column":26}},"loc":{"start":{"line":21,"column":38},"end":{"line":44,"column":7}},"line":21},"3":{"name":"(anonymous_3)","decl":{"start":{"line":31,"column":23},"end":{"line":31,"column":24}},"loc":{"start":{"line":31,"column":29},"end":{"line":33,"column":15}},"line":31},"4":{"name":"(anonymous_4)","decl":{"start":{"line":39,"column":28},"end":{"line":39,"column":29}},"loc":{"start":{"line":39,"column":34},"end":{"line":39,"column":55}},"line":39},"5":{"name":"(anonymous_5)","decl":{"start":{"line":40,"column":28},"end":{"line":40,"column":29}},"loc":{"start":{"line":40,"column":34},"end":{"line":40,"column":48}},"line":40}},"branchMap":{"0":{"loc":{"start":{"line":38,"column":21},"end":{"line":38,"column":77}},"type":"cond-expr","locations":[{"start":{"line":38,"column":56},"end":{"line":38,"column":65}},{"start":{"line":38,"column":68},"end":{"line":38,"column":77}}],"line":38},"1":{"loc":{"start":{"line":38,"column":37},"end":{"line":38,"column":52}},"type":"binary-expr","locations":[{"start":{"line":38,"column":37},"end":{"line":38,"column":42}},{"start":{"line":38,"column":46},"end":{"line":38,"column":52}}],"line":38},"2":{"loc":{"start":{"line":47,"column":9},"end":{"line":47,"column":66}},"type":"binary-expr","locations":[{"start":{"line":47,"column":9},"end":{"line":47,"column":15}},{"start":{"line":47,"column":19},"end":{"line":47,"column":66}}],"line":47}},"s":{"0":1,"1":2,"2":2,"3":2,"4":0,"5":2,"6":10,"7":10,"8":0,"9":0,"10":0},"f":{"0":2,"1":0,"2":10,"3":0,"4":0,"5":0},"b":{"0":[0,10],"1":[10,10],"2":[2,0]},"_coverageSchema":"1a1c01bbd47fc00a2c39e90264f33305004495a9","hash":"e77bef54344070327e68406dc64c5f42fea56412"}
,"/Users/jia/Desktop/HackReactor/fecproject/atelier_fecproject/server/reviewsRoutes.js": {"path":"/Users/jia/Desktop/HackReactor/fecproject/atelier_fecproject/server/reviewsRoutes.js","statementMap":{"0":{"start":{"line":1,"column":22},"end":{"line":1,"column":49}},"1":{"start":{"line":2,"column":14},"end":{"line":2,"column":30}},"2":{"start":{"line":3,"column":0},"end":{"line":3,"column":26}},"3":{"start":{"line":4,"column":17},"end":{"line":4,"column":70}},"4":{"start":{"line":8,"column":0},"end":{"line":32,"column":3}},"5":{"start":{"line":10,"column":18},"end":{"line":10,"column":23}},"6":{"start":{"line":11,"column":16},"end":{"line":19,"column":3}},"7":{"start":{"line":23,"column":2},"end":{"line":31,"column":7}},"8":{"start":{"line":26,"column":6},"end":{"line":26,"column":38}},"9":{"start":{"line":29,"column":6},"end":{"line":29,"column":46}},"10":{"start":{"line":30,"column":6},"end":{"line":30,"column":32}},"11":{"start":{"line":35,"column":0},"end":{"line":54,"column":3}},"12":{"start":{"line":37,"column":18},"end":{"line":37,"column":23}},"13":{"start":{"line":38,"column":16},"end":{"line":43,"column":3}},"14":{"start":{"line":45,"column":2},"end":{"line":53,"column":7}},"15":{"start":{"line":48,"column":6},"end":{"line":48,"column":30}},"16":{"start":{"line":51,"column":6},"end":{"line":51,"column":46}},"17":{"start":{"line":52,"column":6},"end":{"line":52,"column":32}},"18":{"start":{"line":56,"column":0},"end":{"line":74,"column":3}},"19":{"start":{"line":58,"column":18},"end":{"line":60,"column":3}},"20":{"start":{"line":62,"column":22},"end":{"line":62,"column":30}},"21":{"start":{"line":64,"column":2},"end":{"line":72,"column":7}},"22":{"start":{"line":67,"column":6},"end":{"line":67,"column":42}},"23":{"start":{"line":70,"column":6},"end":{"line":70,"column":53}},"24":{"start":{"line":71,"column":6},"end":{"line":71,"column":32}},"25":{"start":{"line":76,"column":0},"end":{"line":93,"column":3}},"26":{"start":{"line":78,"column":19},"end":{"line":78,"column":39}},"27":{"start":{"line":81,"column":18},"end":{"line":83,"column":3}},"28":{"start":{"line":85,"column":2},"end":{"line":92,"column":7}},"29":{"start":{"line":87,"column":6},"end":{"line":87,"column":26}},"30":{"start":{"line":90,"column":6},"end":{"line":90,"column":58}},"31":{"start":{"line":91,"column":6},"end":{"line":91,"column":32}},"32":{"start":{"line":95,"column":0},"end":{"line":95,"column":31}}},"fnMap":{"0":{"name":"(anonymous_0)","decl":{"start":{"line":8,"column":36},"end":{"line":8,"column":37}},"loc":{"start":{"line":8,"column":50},"end":{"line":32,"column":1}},"line":8},"1":{"name":"(anonymous_1)","decl":{"start":{"line":24,"column":10},"end":{"line":24,"column":11}},"loc":{"start":{"line":24,"column":24},"end":{"line":27,"column":5}},"line":24},"2":{"name":"(anonymous_2)","decl":{"start":{"line":28,"column":11},"end":{"line":28,"column":12}},"loc":{"start":{"line":28,"column":20},"end":{"line":31,"column":5}},"line":28},"3":{"name":"(anonymous_3)","decl":{"start":{"line":35,"column":33},"end":{"line":35,"column":34}},"loc":{"start":{"line":35,"column":47},"end":{"line":54,"column":1}},"line":35},"4":{"name":"(anonymous_4)","decl":{"start":{"line":46,"column":10},"end":{"line":46,"column":11}},"loc":{"start":{"line":46,"column":24},"end":{"line":49,"column":5}},"line":46},"5":{"name":"(anonymous_5)","decl":{"start":{"line":50,"column":11},"end":{"line":50,"column":12}},"loc":{"start":{"line":50,"column":20},"end":{"line":53,"column":5}},"line":50},"6":{"name":"(anonymous_6)","decl":{"start":{"line":56,"column":31},"end":{"line":56,"column":32}},"loc":{"start":{"line":56,"column":44},"end":{"line":74,"column":1}},"line":56},"7":{"name":"(anonymous_7)","decl":{"start":{"line":65,"column":10},"end":{"line":65,"column":11}},"loc":{"start":{"line":65,"column":24},"end":{"line":68,"column":5}},"line":65},"8":{"name":"(anonymous_8)","decl":{"start":{"line":69,"column":11},"end":{"line":69,"column":12}},"loc":{"start":{"line":69,"column":20},"end":{"line":72,"column":5}},"line":69},"9":{"name":"(anonymous_9)","decl":{"start":{"line":76,"column":47},"end":{"line":76,"column":48}},"loc":{"start":{"line":76,"column":61},"end":{"line":93,"column":1}},"line":76},"10":{"name":"(anonymous_10)","decl":{"start":{"line":86,"column":10},"end":{"line":86,"column":11}},"loc":{"start":{"line":86,"column":16},"end":{"line":88,"column":5}},"line":86},"11":{"name":"(anonymous_11)","decl":{"start":{"line":89,"column":11},"end":{"line":89,"column":12}},"loc":{"start":{"line":89,"column":20},"end":{"line":92,"column":5}},"line":89}},"branchMap":{},"s":{"0":1,"1":1,"2":1,"3":1,"4":1,"5":1,"6":1,"7":1,"8":1,"9":0,"10":0,"11":1,"12":1,"13":1,"14":1,"15":1,"16":0,"17":0,"18":1,"19":1,"20":1,"21":1,"22":1,"23":0,"24":0,"25":1,"26":2,"27":2,"28":2,"29":1,"30":1,"31":1,"32":1},"f":{"0":1,"1":1,"2":0,"3":1,"4":1,"5":0,"6":1,"7":1,"8":0,"9":2,"10":1,"11":1},"b":{},"_coverageSchema":"1a1c01bbd47fc00a2c39e90264f33305004495a9","hash":"1a3992a0b03d82831d7c7adf109a276b263c299d"}
}
