{"/Users/jia/Desktop/HackReactor/fecproject/atelier_fecproject/server/reviewsRoutes.js": {"path":"/Users/jia/Desktop/HackReactor/fecproject/atelier_fecproject/server/reviewsRoutes.js","statementMap":{"0":{"start":{"line":1,"column":22},"end":{"line":1,"column":49}},"1":{"start":{"line":2,"column":14},"end":{"line":2,"column":30}},"2":{"start":{"line":3,"column":0},"end":{"line":3,"column":26}},"3":{"start":{"line":4,"column":17},"end":{"line":4,"column":70}},"4":{"start":{"line":8,"column":0},"end":{"line":32,"column":3}},"5":{"start":{"line":10,"column":18},"end":{"line":10,"column":23}},"6":{"start":{"line":11,"column":16},"end":{"line":19,"column":3}},"7":{"start":{"line":23,"column":2},"end":{"line":31,"column":7}},"8":{"start":{"line":26,"column":6},"end":{"line":26,"column":38}},"9":{"start":{"line":29,"column":6},"end":{"line":29,"column":46}},"10":{"start":{"line":30,"column":6},"end":{"line":30,"column":32}},"11":{"start":{"line":35,"column":0},"end":{"line":55,"column":3}},"12":{"start":{"line":37,"column":18},"end":{"line":37,"column":23}},"13":{"start":{"line":38,"column":16},"end":{"line":43,"column":3}},"14":{"start":{"line":44,"column":2},"end":{"line":44,"column":23}},"15":{"start":{"line":46,"column":2},"end":{"line":54,"column":7}},"16":{"start":{"line":49,"column":6},"end":{"line":49,"column":30}},"17":{"start":{"line":52,"column":6},"end":{"line":52,"column":46}},"18":{"start":{"line":53,"column":6},"end":{"line":53,"column":32}},"19":{"start":{"line":57,"column":0},"end":{"line":75,"column":3}},"20":{"start":{"line":59,"column":18},"end":{"line":61,"column":3}},"21":{"start":{"line":63,"column":22},"end":{"line":63,"column":30}},"22":{"start":{"line":65,"column":2},"end":{"line":73,"column":7}},"23":{"start":{"line":68,"column":6},"end":{"line":68,"column":42}},"24":{"start":{"line":71,"column":6},"end":{"line":71,"column":53}},"25":{"start":{"line":72,"column":6},"end":{"line":72,"column":32}},"26":{"start":{"line":77,"column":0},"end":{"line":94,"column":3}},"27":{"start":{"line":79,"column":19},"end":{"line":79,"column":39}},"28":{"start":{"line":82,"column":18},"end":{"line":84,"column":3}},"29":{"start":{"line":86,"column":2},"end":{"line":93,"column":7}},"30":{"start":{"line":88,"column":6},"end":{"line":88,"column":26}},"31":{"start":{"line":91,"column":6},"end":{"line":91,"column":58}},"32":{"start":{"line":92,"column":6},"end":{"line":92,"column":32}},"33":{"start":{"line":96,"column":0},"end":{"line":96,"column":31}}},"fnMap":{"0":{"name":"(anonymous_0)","decl":{"start":{"line":8,"column":36},"end":{"line":8,"column":37}},"loc":{"start":{"line":8,"column":50},"end":{"line":32,"column":1}},"line":8},"1":{"name":"(anonymous_1)","decl":{"start":{"line":24,"column":10},"end":{"line":24,"column":11}},"loc":{"start":{"line":24,"column":24},"end":{"line":27,"column":5}},"line":24},"2":{"name":"(anonymous_2)","decl":{"start":{"line":28,"column":11},"end":{"line":28,"column":12}},"loc":{"start":{"line":28,"column":20},"end":{"line":31,"column":5}},"line":28},"3":{"name":"(anonymous_3)","decl":{"start":{"line":35,"column":33},"end":{"line":35,"column":34}},"loc":{"start":{"line":35,"column":47},"end":{"line":55,"column":1}},"line":35},"4":{"name":"(anonymous_4)","decl":{"start":{"line":47,"column":10},"end":{"line":47,"column":11}},"loc":{"start":{"line":47,"column":24},"end":{"line":50,"column":5}},"line":47},"5":{"name":"(anonymous_5)","decl":{"start":{"line":51,"column":11},"end":{"line":51,"column":12}},"loc":{"start":{"line":51,"column":20},"end":{"line":54,"column":5}},"line":51},"6":{"name":"(anonymous_6)","decl":{"start":{"line":57,"column":31},"end":{"line":57,"column":32}},"loc":{"start":{"line":57,"column":44},"end":{"line":75,"column":1}},"line":57},"7":{"name":"(anonymous_7)","decl":{"start":{"line":66,"column":10},"end":{"line":66,"column":11}},"loc":{"start":{"line":66,"column":24},"end":{"line":69,"column":5}},"line":66},"8":{"name":"(anonymous_8)","decl":{"start":{"line":70,"column":11},"end":{"line":70,"column":12}},"loc":{"start":{"line":70,"column":20},"end":{"line":73,"column":5}},"line":70},"9":{"name":"(anonymous_9)","decl":{"start":{"line":77,"column":47},"end":{"line":77,"column":48}},"loc":{"start":{"line":77,"column":61},"end":{"line":94,"column":1}},"line":77},"10":{"name":"(anonymous_10)","decl":{"start":{"line":87,"column":10},"end":{"line":87,"column":11}},"loc":{"start":{"line":87,"column":16},"end":{"line":89,"column":5}},"line":87},"11":{"name":"(anonymous_11)","decl":{"start":{"line":90,"column":11},"end":{"line":90,"column":12}},"loc":{"start":{"line":90,"column":20},"end":{"line":93,"column":5}},"line":90}},"branchMap":{},"s":{"0":1,"1":1,"2":1,"3":1,"4":1,"5":1,"6":1,"7":1,"8":1,"9":0,"10":0,"11":1,"12":1,"13":1,"14":1,"15":1,"16":1,"17":0,"18":0,"19":1,"20":1,"21":1,"22":1,"23":1,"24":0,"25":0,"26":1,"27":2,"28":2,"29":2,"30":1,"31":1,"32":1,"33":1},"f":{"0":1,"1":1,"2":0,"3":1,"4":1,"5":0,"6":1,"7":1,"8":0,"9":2,"10":1,"11":1},"b":{},"_coverageSchema":"1a1c01bbd47fc00a2c39e90264f33305004495a9","hash":"e5e4e9b13123f542b51ddc8773a062681eb87625"}
}
