TN:
SF:client/src/components/componentA/CharacterBar.jsx
FN:3,(anonymous_0)
FNF:1
FNH:0
FNDA:0,(anonymous_0)
DA:3,1
DA:5,0
DA:6,0
DA:8,0
DA:17,0
DA:29,0
LF:6
LH:1
BRF:0
BRH:0
end_of_record
TN:
SF:client/src/components/componentA/Characteristics.jsx
FN:3,(anonymous_0)
FN:71,(anonymous_1)
FN:77,(anonymous_2)
FN:86,(anonymous_3)
FN:87,(anonymous_4)
FN:90,(anonymous_5)
FN:91,(anonymous_6)
FN:105,(anonymous_7)
FNF:8
FNH:2
FNDA:2,(anonymous_0)
FNDA:0,(anonymous_1)
FNDA:0,(anonymous_2)
FNDA:12,(anonymous_3)
FNDA:0,(anonymous_4)
FNDA:0,(anonymous_5)
FNDA:0,(anonymous_6)
FNDA:0,(anonymous_7)
DA:3,1
DA:8,2
DA:71,2
DA:72,0
DA:73,0
DA:74,0
DA:77,2
DA:78,0
DA:81,2
DA:86,12
DA:88,0
DA:90,0
DA:92,0
DA:106,0
LF:14
LH:6
BRDA:95,0,0,0
BRDA:95,0,1,0
BRF:2
BRH:0
end_of_record
TN:
SF:client/src/components/componentA/Helpful.jsx
FN:4,(anonymous_0)
FN:10,(anonymous_1)
FN:15,(anonymous_2)
FN:19,(anonymous_3)
FN:23,(anonymous_4)
FNF:5
FNH:2
FNDA:1,(anonymous_0)
FNDA:1,(anonymous_1)
FNDA:0,(anonymous_2)
FNDA:0,(anonymous_3)
FNDA:0,(anonymous_4)
DA:4,2
DA:6,1
DA:7,1
DA:10,1
DA:11,1
DA:15,1
DA:16,0
DA:17,0
DA:20,0
DA:21,0
DA:24,0
DA:30,1
LF:12
LH:7
BRDA:16,0,0,0
BRDA:16,0,1,0
BRF:2
BRH:0
end_of_record
TN:
SF:client/src/components/componentA/ImageModal.jsx
FN:4,(anonymous_0)
FNF:1
FNH:0
FNDA:0,(anonymous_0)
DA:4,1
DA:5,0
LF:2
LH:1
BRF:0
BRH:0
end_of_record
TN:
SF:client/src/components/componentA/Modal.jsx
FN:10,(anonymous_0)
FN:25,(anonymous_1)
FN:27,(anonymous_2)
FN:32,(anonymous_3)
FN:34,(anonymous_4)
FN:39,(anonymous_5)
FN:43,(anonymous_6)
FN:47,(anonymous_7)
FN:57,(anonymous_8)
FN:61,(anonymous_9)
FN:67,(anonymous_10)
FN:69,(anonymous_11)
FN:90,(anonymous_12)
FN:95,(anonymous_13)
FN:99,(anonymous_14)
FN:133,(anonymous_15)
FN:147,(anonymous_16)
FN:192,(anonymous_17)
FN:194,(anonymous_18)
FN:229,(anonymous_19)
FNF:20
FNH:1
FNDA:2,(anonymous_0)
FNDA:0,(anonymous_1)
FNDA:0,(anonymous_2)
FNDA:0,(anonymous_3)
FNDA:0,(anonymous_4)
FNDA:0,(anonymous_5)
FNDA:0,(anonymous_6)
FNDA:0,(anonymous_7)
FNDA:0,(anonymous_8)
FNDA:0,(anonymous_9)
FNDA:0,(anonymous_10)
FNDA:0,(anonymous_11)
FNDA:0,(anonymous_12)
FNDA:0,(anonymous_13)
FNDA:0,(anonymous_14)
FNDA:0,(anonymous_15)
FNDA:0,(anonymous_16)
FNDA:0,(anonymous_17)
FNDA:0,(anonymous_18)
FNDA:0,(anonymous_19)
DA:10,1
DA:12,2
DA:13,2
DA:14,2
DA:15,2
DA:16,2
DA:17,2
DA:18,2
DA:19,2
DA:20,2
DA:21,2
DA:22,2
DA:23,2
DA:25,2
DA:26,0
DA:28,0
DA:29,0
DA:30,0
DA:31,0
DA:32,0
DA:35,0
DA:39,2
DA:40,0
DA:43,2
DA:44,0
DA:47,2
DA:48,0
DA:50,0
DA:52,0
DA:53,0
DA:54,0
DA:57,2
DA:58,0
DA:61,2
DA:62,0
DA:67,2
DA:68,0
DA:69,0
DA:70,0
DA:71,0
DA:74,0
DA:75,0
DA:89,0
DA:91,0
DA:92,0
DA:93,0
DA:96,0
DA:99,0
DA:100,0
DA:106,2
DA:133,0
DA:147,0
DA:193,0
DA:194,0
DA:195,0
DA:196,0
DA:229,0
LF:57
LH:21
BRDA:53,0,0,0
BRDA:53,0,1,0
BRDA:107,1,0,2
BRDA:107,1,1,0
BRDA:110,2,0,2
BRDA:110,2,1,0
BRF:6
BRH:2
end_of_record
TN:
SF:client/src/components/componentA/RatingSummary.jsx
FN:7,(anonymous_0)
FN:75,(anonymous_1)
FN:77,(anonymous_2)
FN:81,(anonymous_3)
FN:86,(anonymous_4)
FN:90,(anonymous_5)
FN:93,(anonymous_6)
FN:95,(anonymous_7)
FN:105,(anonymous_8)
FN:110,(anonymous_9)
FN:113,(anonymous_10)
FN:125,(anonymous_11)
FN:127,(anonymous_12)
FN:155,(anonymous_13)
FN:160,(anonymous_14)
FN:165,(anonymous_15)
FN:170,(anonymous_16)
FN:175,(anonymous_17)
FN:182,(anonymous_18)
FN:188,(anonymous_19)
FN:189,(anonymous_20)
FN:190,(anonymous_21)
FNF:22
FNH:5
FNDA:16,(anonymous_0)
FNDA:3,(anonymous_1)
FNDA:3,(anonymous_2)
FNDA:0,(anonymous_3)
FNDA:3,(anonymous_4)
FNDA:0,(anonymous_5)
FNDA:0,(anonymous_6)
FNDA:0,(anonymous_7)
FNDA:8,(anonymous_8)
FNDA:0,(anonymous_9)
FNDA:0,(anonymous_10)
FNDA:0,(anonymous_11)
FNDA:0,(anonymous_12)
FNDA:0,(anonymous_13)
FNDA:0,(anonymous_14)
FNDA:0,(anonymous_15)
FNDA:0,(anonymous_16)
FNDA:0,(anonymous_17)
FNDA:0,(anonymous_18)
FNDA:0,(anonymous_19)
FNDA:0,(anonymous_20)
FNDA:0,(anonymous_21)
DA:7,1
DA:9,16
DA:72,16
DA:75,16
DA:76,3
DA:78,3
DA:82,0
DA:86,16
DA:87,3
DA:90,16
DA:91,0
DA:92,0
DA:93,0
DA:94,0
DA:95,0
DA:98,0
DA:101,16
DA:102,8
DA:105,8
DA:107,8
DA:110,8
DA:111,0
DA:112,0
DA:113,0
DA:116,0
DA:117,0
DA:118,0
DA:119,0
DA:120,0
DA:121,0
DA:125,8
DA:127,0
DA:129,0
DA:133,8
DA:135,0
DA:137,0
DA:141,0
DA:155,0
DA:160,0
DA:165,0
DA:170,0
DA:175,0
DA:183,0
DA:188,0
DA:189,0
DA:190,0
LF:46
LH:16
BRDA:101,0,0,8
BRDA:101,0,1,8
BRF:2
BRH:2
end_of_record
TN:
SF:client/src/components/componentA/ReviewBar.jsx
FN:3,(anonymous_0)
FNF:1
FNH:0
FNDA:0,(anonymous_0)
DA:3,1
DA:5,0
DA:13,0
DA:21,0
LF:4
LH:1
BRF:0
BRH:0
end_of_record
TN:
SF:client/src/components/componentA/ReviewEntry.jsx
FN:7,(anonymous_0)
FN:16,(anonymous_1)
FN:20,(anonymous_2)
FN:43,(anonymous_3)
FN:47,(anonymous_4)
FN:56,(anonymous_5)
FNF:6
FNH:0
FNDA:0,(anonymous_0)
FNDA:0,(anonymous_1)
FNDA:0,(anonymous_2)
FNDA:0,(anonymous_3)
FNDA:0,(anonymous_4)
FNDA:0,(anonymous_5)
DA:7,1
DA:8,0
DA:9,0
DA:10,0
DA:12,0
DA:13,0
DA:14,0
DA:16,0
DA:17,0
DA:20,0
DA:21,0
DA:22,0
DA:25,0
DA:44,0
DA:47,0
DA:56,0
LF:16
LH:1
BRDA:34,0,0,0
BRDA:34,0,1,0
BRDA:35,1,0,0
BRDA:35,1,1,0
BRDA:36,2,0,0
BRDA:36,2,1,0
BRDA:36,2,2,0
BRDA:41,3,0,0
BRDA:41,3,1,0
BRDA:41,3,2,0
BRDA:53,4,0,0
BRDA:53,4,1,0
BRDA:60,5,0,0
BRDA:60,5,1,0
BRF:14
BRH:0
end_of_record
TN:
SF:client/src/components/componentA/ReviewsList.jsx
FN:7,(anonymous_0)
FN:14,(anonymous_1)
FN:18,(anonymous_2)
FN:21,(anonymous_3)
FN:24,(anonymous_4)
FN:37,(anonymous_5)
FN:41,(anonymous_6)
FN:43,(anonymous_7)
FN:48,(anonymous_8)
FN:54,(anonymous_9)
FN:55,(anonymous_10)
FN:60,(anonymous_11)
FN:76,(anonymous_12)
FN:86,(anonymous_13)
FN:98,(anonymous_14)
FNF:15
FNH:7
FNDA:13,(anonymous_0)
FNDA:3,(anonymous_1)
FNDA:0,(anonymous_2)
FNDA:0,(anonymous_3)
FNDA:0,(anonymous_4)
FNDA:3,(anonymous_5)
FNDA:3,(anonymous_6)
FNDA:3,(anonymous_7)
FNDA:0,(anonymous_8)
FNDA:0,(anonymous_9)
FNDA:0,(anonymous_10)
FNDA:3,(anonymous_11)
FNDA:0,(anonymous_12)
FNDA:0,(anonymous_13)
FNDA:1,(anonymous_14)
DA:7,1
DA:8,13
DA:9,12
DA:10,12
DA:11,12
DA:12,12
DA:14,12
DA:15,3
DA:16,3
DA:18,0
DA:19,0
DA:21,0
DA:22,0
DA:24,0
DA:25,0
DA:26,0
DA:28,0
DA:30,0
DA:32,3
DA:34,3
DA:37,12
DA:38,3
DA:41,12
DA:42,3
DA:45,3
DA:46,3
DA:49,0
DA:54,12
DA:55,0
DA:58,12
DA:60,12
DA:61,3
DA:64,12
DA:76,0
DA:87,0
DA:98,1
LF:36
LH:23
BRDA:16,0,0,0
BRDA:16,0,1,0
BRDA:16,0,2,0
BRDA:16,0,3,3
BRDA:92,1,0,12
BRDA:92,1,1,0
BRDA:101,2,0,12
BRDA:101,2,1,2
BRF:8
BRH:4
end_of_record
TN:
SF:client/src/components/componentA/Star.jsx
FN:10,(anonymous_0)
FN:52,(anonymous_1)
FN:68,(anonymous_2)
FNF:3
FNH:3
FNDA:4,(anonymous_0)
FNDA:3,(anonymous_1)
FNDA:15,(anonymous_2)
DA:10,2
DA:11,4
DA:12,4
DA:13,4
DA:14,20
DA:15,8
DA:16,12
DA:17,3
DA:18,3
DA:19,3
DA:20,3
DA:21,3
DA:22,3
DA:23,3
DA:25,0
DA:26,0
DA:28,0
DA:29,0
DA:31,1
DA:32,1
DA:34,2
DA:35,2
DA:37,0
DA:38,0
DA:40,0
DA:41,0
DA:42,0
DA:45,9
DA:47,20
DA:49,4
DA:52,2
DA:64,3
DA:66,3
DA:69,15
LF:34
LH:25
BRDA:11,0,0,4
BRDA:11,0,1,0
BRDA:14,1,0,8
BRDA:14,1,1,12
BRDA:16,2,0,3
BRDA:16,2,1,9
BRDA:23,3,0,0
BRDA:23,3,1,0
BRDA:23,3,2,1
BRDA:23,3,3,2
BRDA:23,3,4,0
BRDA:23,3,5,0
BRDA:72,4,0,15
BRDA:72,4,1,8
BRDA:73,5,0,15
BRDA:73,5,1,0
BRDA:74,6,0,15
BRDA:74,6,1,1
BRDA:75,7,0,15
BRDA:75,7,1,1
BRDA:76,8,0,15
BRDA:76,8,1,5
BRF:22
BRH:16
end_of_record
TN:
SF:client/src/components/componentA/StarRating.jsx
FN:4,(anonymous_0)
FN:15,(anonymous_1)
FN:21,(anonymous_2)
FN:31,(anonymous_3)
FN:39,(anonymous_4)
FN:40,(anonymous_5)
FNF:6
FNH:2
FNDA:2,(anonymous_0)
FNDA:0,(anonymous_1)
FNDA:10,(anonymous_2)
FNDA:0,(anonymous_3)
FNDA:0,(anonymous_4)
FNDA:0,(anonymous_5)
DA:4,1
DA:6,2
DA:7,2
DA:15,2
DA:16,0
DA:19,2
DA:22,10
DA:24,10
DA:32,0
DA:39,0
DA:40,0
LF:11
LH:7
BRDA:38,0,0,0
BRDA:38,0,1,10
BRDA:38,1,0,10
BRDA:38,1,1,10
BRDA:47,2,0,2
BRDA:47,2,1,0
BRF:6
BRH:4
end_of_record
TN:
SF:server/reviewsRoutes.js
FN:8,(anonymous_0)
FN:24,(anonymous_1)
FN:28,(anonymous_2)
FN:35,(anonymous_3)
FN:46,(anonymous_4)
FN:50,(anonymous_5)
FN:56,(anonymous_6)
FN:65,(anonymous_7)
FN:69,(anonymous_8)
FN:76,(anonymous_9)
FN:86,(anonymous_10)
FN:89,(anonymous_11)
FNF:12
FNH:9
FNDA:1,(anonymous_0)
FNDA:1,(anonymous_1)
FNDA:0,(anonymous_2)
FNDA:1,(anonymous_3)
FNDA:1,(anonymous_4)
FNDA:0,(anonymous_5)
FNDA:1,(anonymous_6)
FNDA:1,(anonymous_7)
FNDA:0,(anonymous_8)
FNDA:2,(anonymous_9)
FNDA:1,(anonymous_10)
FNDA:1,(anonymous_11)
DA:1,1
DA:2,1
DA:3,1
DA:4,1
DA:8,1
DA:10,1
DA:11,1
DA:23,1
DA:26,1
DA:29,0
DA:30,0
DA:35,1
DA:37,1
DA:38,1
DA:45,1
DA:48,1
DA:51,0
DA:52,0
DA:56,1
DA:58,1
DA:62,1
DA:64,1
DA:67,1
DA:70,0
DA:71,0
DA:76,1
DA:78,2
DA:81,2
DA:85,2
DA:87,1
DA:90,1
DA:91,1
DA:95,1
LF:33
LH:27
BRF:0
BRH:0
end_of_record
