TN:
SF:server/reviewsRoutes.js
FN:8,(anonymous_0)
FN:24,(anonymous_1)
FN:28,(anonymous_2)
FN:35,(anonymous_3)
FN:47,(anonymous_4)
FN:51,(anonymous_5)
FN:57,(anonymous_6)
FN:66,(anonymous_7)
FN:70,(anonymous_8)
FN:77,(anonymous_9)
FN:87,(anonymous_10)
FN:90,(anonymous_11)
FNF:12
FNH:9
FNDA:1,(anonymous_0)
FNDA:1,(anonymous_1)
FNDA:0,(anonymous_2)
FNDA:1,(anonymous_3)
FNDA:1,(anonymous_4)
FNDA:0,(anonymous_5)
FNDA:1,(anonymous_6)
FNDA:1,(anonymous_7)
FNDA:0,(anonymous_8)
FNDA:2,(anonymous_9)
FNDA:1,(anonymous_10)
FNDA:1,(anonymous_11)
DA:1,1
DA:2,1
DA:3,1
DA:4,1
DA:8,1
DA:10,1
DA:11,1
DA:23,1
DA:26,1
DA:29,0
DA:30,0
DA:35,1
DA:37,1
DA:38,1
DA:44,1
DA:46,1
DA:49,1
DA:52,0
DA:53,0
DA:57,1
DA:59,1
DA:63,1
DA:65,1
DA:68,1
DA:71,0
DA:72,0
DA:77,1
DA:79,2
DA:82,2
DA:86,2
DA:88,1
DA:91,1
DA:92,1
DA:96,1
LF:34
LH:28
BRF:0
BRH:0
end_of_record
